<?xml version="1.0" encoding="UTF-8"?>
<!-- Generated by org.testng.reporters.JUnitXMLReporter -->
<testsuite hostname="DESKTOP-AGDUQKA" ignored="0" name="Command line test" tests="1" failures="1" timestamp="06 Feb 2022 19:39:13 GMT" time="25.892" errors="0">
  <testcase name="loginTest_Amazon" time="22.395" classname="framework.Tests.AmazonTest">
    <failure type="org.openqa.selenium.NoSuchElementException" message="Unable to locate element: /html/body/ytd-app/div/ytd-page-manager/ytd-watch-flexy/div[5]/div[1]/div/div[1]/div/div/div/ytd-player/div/div/div[26]/div[2]/div[2]/button[10]
For documentation on this error, please visit: https://www.seleniumhq.org/exceptions/no_such_element.html
Build info: version: &amp;apos;3.141.59&amp;apos;, revision: &amp;apos;e82be7d358&amp;apos;, time: &amp;apos;2018-11-14T08:17:03&amp;apos;
System info: host: &amp;apos;DESKTOP-AGDUQKA&amp;apos;, ip: &amp;apos;192.168.1.153&amp;apos;, os.name: &amp;apos;Windows 10&amp;apos;, os.arch: &amp;apos;amd64&amp;apos;, os.version: &amp;apos;10.0&amp;apos;, java.version: &amp;apos;1.8.0_111&amp;apos;
Driver info: org.openqa.selenium.firefox.FirefoxDriver
Capabilities {acceptInsecureCerts: true, browserName: firefox, browserVersion: 96.0.3, javascriptEnabled: true, moz:accessibilityChecks: false, moz:buildID: 20220126154723, moz:geckodriverVersion: 0.30.0, moz:headless: false, moz:processID: 11068, moz:profile: C:\Users\Willians\AppData\L..., moz:shutdownTimeout: 60000, moz:useNonSpecCompliantPointerOrigin: false, moz:webdriverClick: true, pageLoadStrategy: normal, platform: WINDOWS, platformName: WINDOWS, platformVersion: 10.0, proxy: Proxy(), setWindowRect: true, strictFileInteractability: false, timeouts: {implicit: 0, pageLoad: 300000, script: 30000}, unhandledPromptBehavior: dismiss and notify}
Session ID: e71d20b4-e512-4a48-9019-1c48502639c2
*** Element info: {Using=xpath, value=/html/body/ytd-app/div/ytd-page-manager/ytd-watch-flexy/div[5]/div[1]/div/div[1]/div/div/div/ytd-player/div/div/div[26]/div[2]/div[2]/button[10]}">
      <![CDATA[org.openqa.selenium.NoSuchElementException: Unable to locate element: /html/body/ytd-app/div/ytd-page-manager/ytd-watch-flexy/div[5]/div[1]/div/div[1]/div/div/div/ytd-player/div/div/div[26]/div[2]/div[2]/button[10]
For documentation on this error, please visit: https://www.seleniumhq.org/exceptions/no_such_element.html
Build info: version: '3.141.59', revision: 'e82be7d358', time: '2018-11-14T08:17:03'
System info: host: 'DESKTOP-AGDUQKA', ip: '192.168.1.153', os.name: 'Windows 10', os.arch: 'amd64', os.version: '10.0', java.version: '1.8.0_111'
Driver info: org.openqa.selenium.firefox.FirefoxDriver
Capabilities {acceptInsecureCerts: true, browserName: firefox, browserVersion: 96.0.3, javascriptEnabled: true, moz:accessibilityChecks: false, moz:buildID: 20220126154723, moz:geckodriverVersion: 0.30.0, moz:headless: false, moz:processID: 11068, moz:profile: C:\Users\Willians\AppData\L..., moz:shutdownTimeout: 60000, moz:useNonSpecCompliantPointerOrigin: false, moz:webdriverClick: true, pageLoadStrategy: normal, platform: WINDOWS, platformName: WINDOWS, platformVersion: 10.0, proxy: Proxy(), setWindowRect: true, strictFileInteractability: false, timeouts: {implicit: 0, pageLoad: 300000, script: 30000}, unhandledPromptBehavior: dismiss and notify}
Session ID: e71d20b4-e512-4a48-9019-1c48502639c2
*** Element info: {Using=xpath, value=/html/body/ytd-app/div/ytd-page-manager/ytd-watch-flexy/div[5]/div[1]/div/div[1]/div/div/div/ytd-player/div/div/div[26]/div[2]/div[2]/button[10]}
at org.openqa.selenium.remote.http.W3CHttpResponseCodec.createException(W3CHttpResponseCodec.java:187)
at org.openqa.selenium.remote.http.W3CHttpResponseCodec.decode(W3CHttpResponseCodec.java:122)
at org.openqa.selenium.remote.http.W3CHttpResponseCodec.decode(W3CHttpResponseCodec.java:49)
at org.openqa.selenium.remote.HttpCommandExecutor.execute(HttpCommandExecutor.java:158)
at org.openqa.selenium.remote.service.DriverCommandExecutor.execute(DriverCommandExecutor.java:83)
at org.openqa.selenium.remote.RemoteWebDriver.execute(RemoteWebDriver.java:552)
at org.openqa.selenium.remote.RemoteWebDriver.findElement(RemoteWebDriver.java:323)
at org.openqa.selenium.remote.RemoteWebDriver.findElementByXPath(RemoteWebDriver.java:428)
at org.openqa.selenium.By$ByXPath.findElement(By.java:353)
at org.openqa.selenium.remote.RemoteWebDriver.findElement(RemoteWebDriver.java:315)
at org.openqa.selenium.support.pagefactory.DefaultElementLocator.findElement(DefaultElementLocator.java:69)
at org.openqa.selenium.support.pagefactory.internal.LocatingElementHandler.invoke(LocatingElementHandler.java:38)
at com.sun.proxy.$Proxy9.isDisplayed(Unknown Source)
at framework.Config.WebActions.waitForVisibility(WebActions.java:28)
at framework.Tests.AmazonTest.loginTest_Amazon(AmazonTest.java:35)
... Removed 37 stack frames]]>
    </failure>
  </testcase> <!-- loginTest_Amazon -->
</testsuite> <!-- Command line test -->
